* using log directory ‘/home/stb/bbsurvr/bbsurvr.Rcheck’
* using R version 4.0.0 (2020-04-24)
* using platform: x86_64-pc-linux-gnu (64-bit)
* using session charset: UTF-8
* using options ‘--no-manual --as-cran’
* checking for file ‘bbsurvr/DESCRIPTION’ ... OK
* checking extension type ... Package
* this is package ‘bbsurvr’ version ‘0.1.15’
* checking package namespace information ... OK
* checking package dependencies ... OK
* checking if this is a source package ... OK
* checking if there is a namespace ... OK
* checking for executable files ... OK
* checking for hidden files and directories ... OK
* checking for portable file names ... OK
* checking for sufficient/correct file permissions ... OK
* checking serialization versions ... OK
* checking whether package ‘bbsurvr’ can be installed ... WARNING
Found the following significant warnings:
  Warning: replacing previous import ‘bbhelper::coalesce’ by ‘dplyr::coalesce’ when loading ‘bbsurvr’
See ‘/home/stb/bbsurvr/bbsurvr.Rcheck/00install.out’ for details.
* checking installed package size ... OK
* checking package directory ... OK
* checking for future file timestamps ... NOTE
unable to verify current time
* checking DESCRIPTION meta-information ... NOTE
Malformed Title field: should not end in a period.
Malformed Description field: should contain one or more complete sentences.
License components which are templates and need '+ file LICENSE':
  MIT
* checking top-level files ... OK
* checking for left-over files ... OK
* checking index information ... OK
* checking package subdirectories ... OK
* checking R files for non-ASCII characters ... OK
* checking R files for syntax errors ... OK
* checking whether the package can be loaded ... OK
* checking whether the package can be loaded with stated dependencies ... OK
* checking whether the package can be unloaded cleanly ... OK
* checking whether the namespace can be loaded with stated dependencies ... OK
* checking whether the namespace can be unloaded cleanly ... OK
* checking loading without being on the library search path ... OK
* checking dependencies in R code ... OK
* checking S3 generic/method consistency ... OK
* checking replacement functions ... OK
* checking foreign function calls ... OK
* checking R code for possible problems ... NOTE
bbBoxPlot: no visible global function definition for ‘png’
bbBoxPlot: no visible global function definition for ‘boxplot’
bbBoxPlot: no visible global function definition for ‘legend’
bbBoxPlot: no visible global function definition for ‘title’
bbBoxPlot: no visible global function definition for ‘text’
bbBoxPlot: no visible global function definition for ‘dev.off’
bbKMPlot: no visible global function definition for ‘png’
bbKMPlot: no visible global function definition for ‘text’
bbKMPlot: no visible global function definition for ‘segments’
bbKMPlot: no visible global function definition for ‘title’
bbKMPlot: no visible global function definition for ‘dev.off’
bbKMPlot: no visible global function definition for ‘par’
bbKMPlot: no visible global function definition for ‘legend’
bbKMPlot: no visible global function definition for ‘pchisq’
bbTheme: no visible global function definition for ‘col.whitebg’
kmsurv: no visible global function definition for ‘survfit.km’
kmsurv: no visible global function definition for ‘approx’
p.value.survdiff: no visible global function definition for ‘pchisq’
Undefined global functions or variables:
  approx boxplot col.whitebg dev.off legend par pchisq png segments
  survfit.km text title
Consider adding
  importFrom("grDevices", "dev.off", "png")
  importFrom("graphics", "boxplot", "legend", "par", "segments", "text",
             "title")
  importFrom("stats", "approx", "pchisq")
to your NAMESPACE file.
* checking Rd files ... OK
* checking Rd metadata ... OK
* checking Rd line widths ... NOTE
Rd file 'bbKMPlot.Rd':
  \examples lines wider than 100 characters:
     p<-bbKMPlot(daten,gruppe=NULL,titel,filename,survtime=NULL,survtimetext=NULL,legendeout=NULL,file.out=TRUE,legfontsize=NULL,subtext="",
     xmax=61.25,xlab="Beobachtungszeit in Monaten",cex.lab=1,cex.axis=1,watermark=TRUE,ylab="",logrank=FALSE)

These lines will be truncated in the PDF manual.
* checking Rd cross-references ... OK
* checking for missing documentation entries ... OK
* checking for code/documentation mismatches ... OK
* checking Rd \usage sections ... OK
* checking Rd contents ... OK
* checking for unstated dependencies in examples ... OK
* checking examples ... OK
* checking for non-standard things in the check directory ... OK
* checking for detritus in the temp directory ... OK
* DONE
Status: 1 WARNING, 4 NOTEs
